Arguments: 
  C:\Program Files\nodejs\node.exe C:\Users\Stone\AppData\Roaming\npm\node_modules\yarn\bin\yarn.js add vue-router@next vuex@next

PATH: 
  C:\WINDOWS\system32;C:\WINDOWS;C:\WINDOWS\System32\Wbem;C:\WINDOWS\System32\WindowsPowerShell\v1.0\;C:\WINDOWS\System32\OpenSSH\;C:\Program Files\NVIDIA Corporation\NVIDIA NvDLISR;C:\Program Files\Microsoft SQL Server\130\Tools\Binn\;C:\Program Files\Microsoft SQL Server\Client SDK\ODBC\170\Tools\Binn\;C:\Program Files\Git\cmd;C:\Program Files\TortoiseGit\bin;C:\Program Files (x86)\NVIDIA Corporation\PhysX\Common;C:\Program Files (x86)\Microsoft SQL Server\150\Tools\Binn\;C:\Program Files\Microsoft SQL Server\150\Tools\Binn\;C:\Program Files (x86)\Microsoft SQL Server\150\DTS\Binn\;C:\Program Files\Microsoft SQL Server\150\DTS\Binn\;C:\Program Files (x86)\Common Files\Thunder Network\KanKan\Codecs;C:\Program Files\Docker\Docker\resources\bin;C:\ProgramData\DockerDesktop\version-bin;C:\Program Files\dotnet\;C:\Program Files (x86)\dotnet\;C:\Program Files\nodejs\;C:\Users\Stone\AppData\Local\Microsoft\WindowsApps;C:\Users\Stone\AppData\Local\GitHubDesktop\bin;D:\Hugo\bin;;C:\Users\Stone\AppData\Local\Programs\Microsoft VS Code\bin;C:\Users\Stone\.dotnet\tools;C:\Users\Stone\AppData\Roaming\npm

Yarn version: 
  1.22.4

Node version: 
  14.16.0

Platform: 
  win32 x64

Trace: 
  Error: https://github.com/jonschlinkert/micromatch: ESOCKETTIMEDOUT
      at ClientRequest.<anonymous> (C:\Users\Stone\AppData\Roaming\npm\node_modules\yarn\lib\cli.js:141375:19)
      at Object.onceWrapper (events.js:421:28)
      at ClientRequest.emit (events.js:315:20)
      at TLSSocket.emitRequestTimeout (_http_client.js:784:9)
      at Object.onceWrapper (events.js:421:28)
      at TLSSocket.emit (events.js:327:22)
      at TLSSocket.Socket._onTimeout (net.js:483:8)
      at listOnTimeout (internal/timers.js:554:17)
      at processTimers (internal/timers.js:497:7)

npm manifest: 
  {
    "name": "vue-ant-admin",
    "version": "0.0.0",
    "scripts": {
      "dev": "vite",
      "build": "vite build"
    },
    "dependencies": {
      "vue": "^3.0.4"
    },
    "devDependencies": {
      "@vue/compiler-sfc": "^3.0.4",
      "eslint-config-prettier": "^8.1.0",
      "eslint-plugin-prettier": "^3.3.1",
      "prettierrc": "0.0.0-5",
      "typescript": "^4.2.3",
      "vite": "^1.0.0-rc.13"
    }
  }

yarn manifest: 
  No manifest

Lockfile: 
  No lockfile
